#
# A fatal error has been detected by the Java Runtime Environment:
#
#  EXCEPTION_ACCESS_VIOLATION (0xc0000005) at pc=0x00000000, pid=13088, tid=15264
#
# JRE version: Java(TM) SE Runtime Environment (7.0_45-b18) (build 1.7.0_45-b18)
# Java VM: Java HotSpot(TM) Client VM (24.45-b08 mixed mode, sharing windows-x86 )
# Problematic frame:
# C  0x00000000
#
# Failed to write core dump. Minidumps are not enabled by default on client versions of Windows
#
# If you would like to submit a bug report, please visit:
#   http://bugreport.sun.com/bugreport/crash.jsp
# The crash happened outside the Java Virtual Machine in native code.
# See problematic frame for where to report the bug.
#

---------------  T H R E A D  ---------------

Current thread (0x04124c00):  JavaThread "Thread-5" [_thread_in_native, id=15264, stack(0x0b850000,0x0b8a0000)]

siginfo: ExceptionCode=0xc0000005, ExceptionInformation=0x00000008 0x00000000

Registers:
EAX=0x0000001e, EBX=0x0b89f050, ECX=0x63b458fc, EDX=0x00000000
ESP=0x0b89f004, EBP=0x0b89f028, ESI=0x0c0a0850, EDI=0xffffffff
EIP=0x00000000, EFLAGS=0x00010246

Top of Stack: (sp=0x0b89f004)
0x0b89f004:   0bf86900 0c0a0850 ffffffff 63b458fc
0x0b89f014:   0b89f050 04124c00 342baed0 342baed0
0x0b89f024:   5ec0ac58 0b89f0a8 63b41fdc 0c0a0850
0x0b89f034:   ffffffff 63b458fc 0b89f050 00000000
0x0b89f044:   69de6794 040605e8 000000b4 0c0a0850
0x0b89f054:   040d1a28 04124d30 0b89f128 0b89f134
0x0b89f064:   06885270 0b89f124 0b89f118 0b89f120
0x0b89f074:   0b89f11c 00000001 0b89f114 04124c00 

Instructions: (pc=0x00000000)
0xffffffe0:   


Register to memory mapping:

EAX=0x0000001e is an unknown value
EBX=0x0b89f050 is pointing into the stack for thread: 0x04124c00
ECX=0x63b458fc is an unknown value
EDX=0x00000000 is an unknown value
ESP=0x0b89f004 is pointing into the stack for thread: 0x04124c00
EBP=0x0b89f028 is pointing into the stack for thread: 0x04124c00
ESI=0x0c0a0850 is an unknown value
EDI=0xffffffff is an unknown value


Stack: [0x0b850000,0x0b8a0000],  sp=0x0b89f004,  free space=316k
Java frames: (J=compiled Java code, j=interpreted, Vv=VM code)
j  org.jnetpcap.Pcap.loop(IILorg/jnetpcap/packet/PcapPacketHandler;Ljava/lang/Object;Lorg/jnetpcap/packet/JPacket;Lorg/jnetpcap/packet/JPacket$State;Lorg/jnetpcap/PcapHeader;Lorg/jnetpcap/packet/JScanner;)I+0
j  org.jnetpcap.Pcap.loop(ILorg/jnetpcap/packet/PcapPacketHandler;Ljava/lang/Object;)I+35
j  dx.timesheet.TrackPacket.listenPacket()V+302
j  dx.timesheet.TrackPacket$1.run()V+13
j  java.lang.Thread.run()V+11
v  ~StubRoutines::call_stub

---------------  P R O C E S S  ---------------

Java Threads: ( => current thread )
  0x04125800 JavaThread "Keep-Alive-Timer" daemon [_thread_blocked, id=10808, stack(0x065b0000,0x06600000)]
  0x04127000 JavaThread "DisposableGC" daemon [_thread_blocked, id=12980, stack(0x0bfc0000,0x0c010000)]
=>0x04124c00 JavaThread "Thread-5" [_thread_in_native, id=15264, stack(0x0b850000,0x0b8a0000)]
  0x01cc8c00 JavaThread "SwingWorker-pool-4-thread-1" daemon [_thread_blocked, id=16072, stack(0x0b750000,0x0b7a0000)]
  0x06790000 JavaThread "Thread-3" [_thread_blocked, id=6932, stack(0x0b6c0000,0x0b710000)]
  0x06600400 JavaThread "D3D Screen Updater" daemon [_thread_blocked, id=15700, stack(0x0b2d0000,0x0b320000)]
  0x06735c00 JavaThread "TimerQueue" daemon [_thread_blocked, id=17352, stack(0x0b1f0000,0x0b240000)]
  0x01b2bc00 JavaThread "DestroyJavaVM" [_thread_blocked, id=16140, stack(0x00c10000,0x00c60000)]
  0x0409b400 JavaThread "AWT-EventQueue-0" [_thread_blocked, id=13248, stack(0x04690000,0x046e0000)]
  0x04094c00 JavaThread "AWT-Windows" daemon [_thread_in_native, id=13444, stack(0x04620000,0x04670000)]
  0x04094000 JavaThread "AWT-Shutdown" [_thread_blocked, id=17204, stack(0x045d0000,0x04620000)]
  0x04084c00 JavaThread "Java2D Disposer" daemon [_thread_blocked, id=12824, stack(0x04580000,0x045d0000)]
  0x01c64000 JavaThread "Service Thread" daemon [_thread_blocked, id=12032, stack(0x03f60000,0x03fb0000)]
  0x01c62400 JavaThread "C1 CompilerThread0" daemon [_thread_blocked, id=16580, stack(0x03f10000,0x03f60000)]
  0x01c60400 JavaThread "Attach Listener" daemon [_thread_blocked, id=12684, stack(0x03ec0000,0x03f10000)]
  0x01c5e000 JavaThread "Signal Dispatcher" daemon [_thread_blocked, id=17748, stack(0x03e70000,0x03ec0000)]
  0x01bf3c00 JavaThread "Finalizer" daemon [_thread_blocked, id=11672, stack(0x03e20000,0x03e70000)]
  0x01bee400 JavaThread "Reference Handler" daemon [_thread_blocked, id=14592, stack(0x03dd0000,0x03e20000)]

Other Threads:
  0x01bed000 VMThread [stack: 0x03d80000,0x03dd0000] [id=18256]
  0x01c68000 WatcherThread [stack: 0x03fb0000,0x04000000] [id=10964]

VM state:not at safepoint (normal execution)

VM Mutex/Monitor currently owned by a thread: None

Heap
 def new generation   total 4928K, used 807K [0x23ca0000, 0x241f0000, 0x291f0000)
  eden space 4416K,  10% used [0x23ca0000, 0x23d15728, 0x240f0000)
  from space 512K,  65% used [0x240f0000, 0x24144568, 0x24170000)
  to   space 512K,   0% used [0x24170000, 0x24170000, 0x241f0000)
 tenured generation   total 10944K, used 6614K [0x291f0000, 0x29ca0000, 0x33ca0000)
   the space 10944K,  60% used [0x291f0000, 0x29865b10, 0x29865c00, 0x29ca0000)
 compacting perm gen  total 12288K, used 7235K [0x33ca0000, 0x348a0000, 0x37ca0000)
   the space 12288K,  58% used [0x33ca0000, 0x343b0f98, 0x343b1000, 0x348a0000)
    ro space 10240K,  44% used [0x37ca0000, 0x38117808, 0x38117a00, 0x386a0000)
    rw space 12288K,  52% used [0x386a0000, 0x38cee610, 0x38cee800, 0x392a0000)

Card table byte_map: [0x03cd0000,0x03d80000] byte_map_base: 0x03bb1b00

Polling page: 0x00ae0000

Code Cache  [0x01cd0000, 0x01f78000, 0x03cd0000)
 total_blobs=1704 nmethods=1420 adapters=219 free_code_cache=30064Kb largest_free_block=30784320

Compilation events (10 events):
Event: 152.754 Thread 0x01c62400 1434             java.awt.Container::isRecursivelyVisibleUpToHeavyweightContainer (41 bytes)
Event: 152.755 Thread 0x01c62400 nmethod 1434 0x01f72648 code [0x01f72770, 0x01f72918]
Event: 152.755 Thread 0x01c62400 1435             javax.swing.GroupLayout$SequentialGroup::buildResizableList (112 bytes)
Event: 152.756 Thread 0x01c62400 nmethod 1435 0x01f72a08 code [0x01f72ba0, 0x01f72ffc]
Event: 152.756 Thread 0x01c62400 1436             sun.java2d.loops.ProcessPath$FillData::setEnded (29 bytes)
Event: 152.756 Thread 0x01c62400 nmethod 1436 0x01f73548 code [0x01f73660, 0x01f73748]
Event: 153.030 Thread 0x01c62400 1437             java.io.PushbackInputStream::ensureOpen (18 bytes)
Event: 153.030 Thread 0x01c62400 nmethod 1437 0x01f73808 code [0x01f73910, 0x01f73a0c]
Event: 153.030 Thread 0x01c62400 1438             java.io.PushbackInputStream::read (42 bytes)
Event: 153.031 Thread 0x01c62400 nmethod 1438 0x01f73a88 code [0x01f73ba0, 0x01f73d08]

GC Heap History (10 events):
Event: 19.580 GC heap before
{Heap before GC invocations=7 (full 0):
 def new generation   total 4928K, used 4928K [0x23ca0000, 0x241f0000, 0x291f0000)
  eden space 4416K, 100% used [0x23ca0000, 0x240f0000, 0x240f0000)
  from space 512K, 100% used [0x24170000, 0x241f0000, 0x241f0000)
  to   space 512K,   0% used [0x240f0000, 0x240f0000, 0x24170000)
 tenured generation   total 10944K, used 5424K [0x291f0000, 0x29ca0000, 0x33ca0000)
   the space 10944K,  49% used [0x291f0000, 0x2973c168, 0x2973c200, 0x29ca0000)
 compacting perm gen  total 12288K, used 6987K [0x33ca0000, 0x348a0000, 0x37ca0000)
   the space 12288K,  56% used [0x33ca0000, 0x34372f80, 0x34373000, 0x348a0000)
    ro space 10240K,  44% used [0x37ca0000, 0x38117808, 0x38117a00, 0x386a0000)
    rw space 12288K,  52% used [0x386a0000, 0x38cee610, 0x38cee800, 0x392a0000)
Event: 19.585 GC heap after
Heap after GC invocations=8 (full 0):
 def new generation   total 4928K, used 511K [0x23ca0000, 0x241f0000, 0x291f0000)
  eden space 4416K,   0% used [0x23ca0000, 0x23ca0000, 0x240f0000)
  from space 512K,  99% used [0x240f0000, 0x2416fff8, 0x24170000)
  to   space 512K,   0% used [0x24170000, 0x24170000, 0x241f0000)
 tenured generation   total 10944K, used 5851K [0x291f0000, 0x29ca0000, 0x33ca0000)
   the space 10944K,  53% used [0x291f0000, 0x297a6e98, 0x297a7000, 0x29ca0000)
 compacting perm gen  total 12288K, used 6987K [0x33ca0000, 0x348a0000, 0x37ca0000)
   the space 12288K,  56% used [0x33ca0000, 0x34372f80, 0x34373000, 0x348a0000)
    ro space 10240K,  44% used [0x37ca0000, 0x38117808, 0x38117a00, 0x386a0000)
    rw space 12288K,  52% used [0x386a0000, 0x38cee610, 0x38cee800, 0x392a0000)
}
Event: 19.639 GC heap before
{Heap before GC invocations=8 (full 0):
 def new generation   total 4928K, used 4927K [0x23ca0000, 0x241f0000, 0x291f0000)
  eden space 4416K, 100% used [0x23ca0000, 0x240f0000, 0x240f0000)
  from space 512K,  99% used [0x240f0000, 0x2416fff8, 0x24170000)
  to   space 512K,   0% used [0x24170000, 0x24170000, 0x241f0000)
 tenured generation   total 10944K, used 5851K [0x291f0000, 0x29ca0000, 0x33ca0000)
   the space 10944K,  53% used [0x291f0000, 0x297a6e98, 0x297a7000, 0x29ca0000)
 compacting perm gen  total 12288K, used 7070K [0x33ca0000, 0x348a0000, 0x37ca0000)
   the space 12288K,  57% used [0x33ca0000, 0x343878a8, 0x34387a00, 0x348a0000)
    ro space 10240K,  44% used [0x37ca0000, 0x38117808, 0x38117a00, 0x386a0000)
    rw space 12288K,  52% used [0x386a0000, 0x38cee610, 0x38cee800, 0x392a0000)
Event: 19.642 GC heap after
Heap after GC invocations=9 (full 0):
 def new generation   total 4928K, used 408K [0x23ca0000, 0x241f0000, 0x291f0000)
  eden space 4416K,   0% used [0x23ca0000, 0x23ca0000, 0x240f0000)
  from space 512K,  79% used [0x24170000, 0x241d6158, 0x241f0000)
  to   space 512K,   0% used [0x240f0000, 0x240f0000, 0x24170000)
 tenured generation   total 10944K, used 6220K [0x291f0000, 0x29ca0000, 0x33ca0000)
   the space 10944K,  56% used [0x291f0000, 0x29803390, 0x29803400, 0x29ca0000)
 compacting perm gen  total 12288K, used 7070K [0x33ca0000, 0x348a0000, 0x37ca0000)
   the space 12288K,  57% used [0x33ca0000, 0x343878a8, 0x34387a00, 0x348a0000)
    ro space 10240K,  44% used [0x37ca0000, 0x38117808, 0x38117a00, 0x386a0000)
    rw space 12288K,  52% used [0x386a0000, 0x38cee610, 0x38cee800, 0x392a0000)
}
Event: 100.707 GC heap before
{Heap before GC invocations=9 (full 0):
 def new generation   total 4928K, used 4824K [0x23ca0000, 0x241f0000, 0x291f0000)
  eden space 4416K, 100% used [0x23ca0000, 0x240f0000, 0x240f0000)
  from space 512K,  79% used [0x24170000, 0x241d6158, 0x241f0000)
  to   space 512K,   0% used [0x240f0000, 0x240f0000, 0x24170000)
 tenured generation   total 10944K, used 6220K [0x291f0000, 0x29ca0000, 0x33ca0000)
   the space 10944K,  56% used [0x291f0000, 0x29803390, 0x29803400, 0x29ca0000)
 compacting perm gen  total 12288K, used 7100K [0x33ca0000, 0x348a0000, 0x37ca0000)
   the space 12288K,  57% used [0x33ca0000, 0x3438f330, 0x3438f400, 0x348a0000)
    ro space 10240K,  44% used [0x37ca0000, 0x38117808, 0x38117a00, 0x386a0000)
    rw space 12288K,  52% used [0x386a0000, 0x38cee610, 0x38cee800, 0x392a0000)
Event: 100.710 GC heap after
Heap after GC invocations=10 (full 0):
 def new generation   total 4928K, used 182K [0x23ca0000, 0x241f0000, 0x291f0000)
  eden space 4416K,   0% used [0x23ca0000, 0x23ca0000, 0x240f0000)
  from space 512K,  35% used [0x240f0000, 0x2411d880, 0x24170000)
  to   space 512K,   0% used [0x24170000, 0x24170000, 0x241f0000)
 tenured generation   total 10944K, used 6545K [0x291f0000, 0x29ca0000, 0x33ca0000)
   the space 10944K,  59% used [0x291f0000, 0x298547c0, 0x29854800, 0x29ca0000)
 compacting perm gen  total 12288K, used 7100K [0x33ca0000, 0x348a0000, 0x37ca0000)
   the space 12288K,  57% used [0x33ca0000, 0x3438f330, 0x3438f400, 0x348a0000)
    ro space 10240K,  44% used [0x37ca0000, 0x38117808, 0x38117a00, 0x386a0000)
    rw space 12288K,  52% used [0x386a0000, 0x38cee610, 0x38cee800, 0x392a0000)
}
Event: 119.907 GC heap before
{Heap before GC invocations=10 (full 0):
 def new generation   total 4928K, used 4598K [0x23ca0000, 0x241f0000, 0x291f0000)
  eden space 4416K, 100% used [0x23ca0000, 0x240f0000, 0x240f0000)
  from space 512K,  35% used [0x240f0000, 0x2411d880, 0x24170000)
  to   space 512K,   0% used [0x24170000, 0x24170000, 0x241f0000)
 tenured generation   total 10944K, used 6545K [0x291f0000, 0x29ca0000, 0x33ca0000)
   the space 10944K,  59% used [0x291f0000, 0x298547c0, 0x29854800, 0x29ca0000)
 compacting perm gen  total 12288K, used 7204K [0x33ca0000, 0x348a0000, 0x37ca0000)
   the space 12288K,  58% used [0x33ca0000, 0x343a9008, 0x343a9200, 0x348a0000)
    ro space 10240K,  44% used [0x37ca0000, 0x38117808, 0x38117a00, 0x386a0000)
    rw space 12288K,  52% used [0x386a0000, 0x38cee610, 0x38cee800, 0x392a0000)
Event: 119.910 GC heap after
Heap after GC invocations=11 (full 0):
 def new generation   total 4928K, used 308K [0x23ca0000, 0x241f0000, 0x291f0000)
  eden space 4416K,   0% used [0x23ca0000, 0x23ca0000, 0x240f0000)
  from space 512K,  60% used [0x24170000, 0x241bd2f8, 0x241f0000)
  to   space 512K,   0% used [0x240f0000, 0x240f0000, 0x24170000)
 tenured generation   total 10944K, used 6545K [0x291f0000, 0x29ca0000, 0x33ca0000)
   the space 10944K,  59% used [0x291f0000, 0x298547c0, 0x29854800, 0x29ca0000)
 compacting perm gen  total 12288K, used 7204K [0x33ca0000, 0x348a0000, 0x37ca0000)
   the space 12288K,  58% used [0x33ca0000, 0x343a9008, 0x343a9200, 0x348a0000)
    ro space 10240K,  44% used [0x37ca0000, 0x38117808, 0x38117a00, 0x386a0000)
    rw space 12288K,  52% used [0x386a0000, 0x38cee610, 0x38cee800, 0x392a0000)
}
Event: 152.749 GC heap before
{Heap before GC invocations=11 (full 0):
 def new generation   total 4928K, used 4724K [0x23ca0000, 0x241f0000, 0x291f0000)
  eden space 4416K, 100% used [0x23ca0000, 0x240f0000, 0x240f0000)
  from space 512K,  60% used [0x24170000, 0x241bd2f8, 0x241f0000)
  to   space 512K,   0% used [0x240f0000, 0x240f0000, 0x24170000)
 tenured generation   total 10944K, used 6545K [0x291f0000, 0x29ca0000, 0x33ca0000)
   the space 10944K,  59% used [0x291f0000, 0x298547c0, 0x29854800, 0x29ca0000)
 compacting perm gen  total 12288K, used 7221K [0x33ca0000, 0x348a0000, 0x37ca0000)
   the space 12288K,  58% used [0x33ca0000, 0x343ad7b0, 0x343ad800, 0x348a0000)
    ro space 10240K,  44% used [0x37ca0000, 0x38117808, 0x38117a00, 0x386a0000)
    rw space 12288K,  52% used [0x386a0000, 0x38cee610, 0x38cee800, 0x392a0000)
Event: 152.751 GC heap after
Heap after GC invocations=12 (full 0):
 def new generation   total 4928K, used 337K [0x23ca0000, 0x241f0000, 0x291f0000)
  eden space 4416K,   0% used [0x23ca0000, 0x23ca0000, 0x240f0000)
  from space 512K,  65% used [0x240f0000, 0x24144568, 0x24170000)
  to   space 512K,   0% used [0x24170000, 0x24170000, 0x241f0000)
 tenured generation   total 10944K, used 6614K [0x291f0000, 0x29ca0000, 0x33ca0000)
   the space 10944K,  60% used [0x291f0000, 0x29865b10, 0x29865c00, 0x29ca0000)
 compacting perm gen  total 12288K, used 7221K [0x33ca0000, 0x348a0000, 0x37ca0000)
   the space 12288K,  58% used [0x33ca0000, 0x343ad7b0, 0x343ad800, 0x348a0000)
    ro space 10240K,  44% used [0x37ca0000, 0x38117808, 0x38117a00, 0x386a0000)
    rw space 12288K,  52% used [0x386a0000, 0x38cee610, 0x38cee800, 0x392a0000)
}

Deoptimization events (0 events):
No events

Internal exceptions (10 events):
Event: 152.322 Thread 0x04124c00 Threw 0x23e900e0 at C:\re\jdk7u45\229\hotspot\src\share\vm\prims\jvm.cpp:1244
Event: 152.746 Thread 0x04124c00 Threw 0x240e4458 at C:\re\jdk7u45\229\hotspot\src\share\vm\prims\jvm.cpp:1244
Event: 152.753 Thread 0x04124c00 Threw 0x23ca9d18 at C:\re\jdk7u45\229\hotspot\src\share\vm\prims\jvm.cpp:1244
Event: 152.760 Thread 0x04124c00 Threw 0x23cac248 at C:\re\jdk7u45\229\hotspot\src\share\vm\prims\jvm.cpp:1244
Event: 152.761 Thread 0x04124c00 Threw 0x23cae528 at C:\re\jdk7u45\229\hotspot\src\share\vm\prims\jvm.cpp:1244
Event: 152.762 Thread 0x04124c00 Threw 0x23cb0868 at C:\re\jdk7u45\229\hotspot\src\share\vm\prims\jvm.cpp:1244
Event: 152.763 Thread 0x04124c00 Threw 0x23cc7800 at C:\re\jdk7u45\229\hotspot\src\share\vm\prims\jvm.cpp:1244
Event: 152.764 Thread 0x04124c00 Threw 0x23cc9fc8 at C:\re\jdk7u45\229\hotspot\src\share\vm\prims\jvm.cpp:1244
Event: 153.053 Thread 0x04124c00 Threw 0x23d07b30 at C:\re\jdk7u45\229\hotspot\src\share\vm\prims\jvm.cpp:1244
Event: 153.053 Thread 0x04124c00 Threw 0x23d0db48 at C:\re\jdk7u45\229\hotspot\src\share\vm\prims\jni.cpp:743

Events (10 events):
Event: 152.761 loading class 0x04071810 done
Event: 152.762 loading class 0x069344b8
Event: 152.762 loading class 0x069344b8 done
Event: 152.763 loading class 0x04071510
Event: 152.763 loading class 0x04071510 done
Event: 152.764 loading class 0x04071550
Event: 152.764 loading class 0x04071550 done
Event: 153.030 Thread 0x04125800 Thread added: 0x04125800
Event: 153.052 loading class 0x041d8760
Event: 153.053 loading class 0x041d8760 done


Dynamic libraries:
0x00b10000 - 0x00b3f000 	C:\Program Files\Java\jdk1.7.0_45\bin\java.exe
0x77970000 - 0x77ad7000 	C:\Windows\SYSTEM32\ntdll.dll
0x77130000 - 0x77228000 	C:\Windows\system32\KERNEL32.DLL
0x761c0000 - 0x7627d000 	C:\Windows\system32\KERNELBASE.dll
0x703d0000 - 0x70477000 	C:\Windows\system32\apphelp.dll
0x76770000 - 0x7681e000 	C:\Windows\system32\ADVAPI32.dll
0x76880000 - 0x769a1000 	C:\Windows\system32\USER32.dll
0x733b0000 - 0x735a7000 	C:\Windows\WinSxS\x86_microsoft.windows.common-controls_6595b64144ccf1df_6.0.9200.16384_none_893961408605e985\COMCTL32.dll
0x76b80000 - 0x76c31000 	C:\Windows\system32\msvcrt.dll
0x76e00000 - 0x76e34000 	C:\Windows\SYSTEM32\sechost.dll
0x76650000 - 0x76722000 	C:\Windows\system32\RPCRT4.dll
0x76ed0000 - 0x76fda000 	C:\Windows\system32\GDI32.dll
0x76a30000 - 0x76a5b000 	C:\Windows\system32\IMM32.DLL
0x77290000 - 0x7736c000 	C:\Windows\system32\MSCTF.dll
0x70970000 - 0x70a2f000 	C:\Program Files\Java\jdk1.7.0_45\jre\bin\msvcr100.dll
0x69b40000 - 0x69ec0000 	C:\Program Files\Java\jdk1.7.0_45\jre\bin\client\jvm.dll
0x71870000 - 0x71878000 	C:\Windows\SYSTEM32\WSOCK32.dll
0x715e0000 - 0x71601000 	C:\Windows\SYSTEM32\WINMM.dll
0x77120000 - 0x77126000 	C:\Windows\system32\PSAPI.DLL
0x77640000 - 0x77690000 	C:\Windows\system32\WS2_32.dll
0x71200000 - 0x7122a000 	C:\Windows\SYSTEM32\WINMMBASE.dll
0x76640000 - 0x76648000 	C:\Windows\system32\NSI.dll
0x72ca0000 - 0x72cac000 	C:\Program Files\Java\jdk1.7.0_45\jre\bin\verify.dll
0x72c60000 - 0x72c80000 	C:\Program Files\Java\jdk1.7.0_45\jre\bin\java.dll
0x72c00000 - 0x72c13000 	C:\Program Files\Java\jdk1.7.0_45\jre\bin\zip.dll
0x6b590000 - 0x6b6d3000 	C:\Program Files\Java\jdk1.7.0_45\jre\bin\awt.dll
0x77690000 - 0x7771b000 	C:\Windows\system32\OLEAUT32.dll
0x76fe0000 - 0x77116000 	C:\Windows\system32\combase.dll
0x75270000 - 0x75317000 	C:\Windows\system32\uxtheme.dll
0x73640000 - 0x73659000 	C:\Windows\SYSTEM32\dwmapi.dll
0x76a60000 - 0x76b79000 	C:\Windows\system32\ole32.dll
0x75f20000 - 0x75f29000 	C:\Windows\SYSTEM32\CRYPTBASE.dll
0x75ec0000 - 0x75f11000 	C:\Windows\SYSTEM32\bcryptPrimitives.dll
0x739f0000 - 0x74ab5000 	C:\Windows\SYSTEM32\SHELL32.dll
0x76730000 - 0x76770000 	C:\Windows\system32\SHLWAPI.dll
0x769b0000 - 0x76a25000 	C:\Windows\SYSTEM32\shcore.dll
0x71b50000 - 0x71b88000 	C:\Program Files\Java\jdk1.7.0_45\jre\bin\fontmanager.dll
0x10000000 - 0x1004b000 	H:\Java\Java Desktop\WorkSheet\lib\sigar-x86-winnt.dll
0x71410000 - 0x71450000 	C:\Windows\SYSTEM32\pdh.dll
0x74ac0000 - 0x74ad2000 	C:\Windows\SYSTEM32\NETAPI32.dll
0x72ed0000 - 0x72ed8000 	C:\Windows\SYSTEM32\VERSION.dll
0x75630000 - 0x7563b000 	C:\Windows\SYSTEM32\netutils.dll
0x75e20000 - 0x75e3c000 	C:\Windows\SYSTEM32\srvcli.dll
0x739c0000 - 0x739d0000 	C:\Windows\SYSTEM32\wkscli.dll
0x6bff0000 - 0x6c1a5000 	C:\Windows\system32\d3d9.dll
0x69ec0000 - 0x6ad7f000 	C:\Windows\SYSTEM32\nvd3dum.dll
0x76040000 - 0x7607f000 	C:\Windows\SYSTEM32\powrprof.dll
0x72bb0000 - 0x72bc4000 	C:\Program Files\Java\jdk1.7.0_45\jre\bin\net.dll
0x75a40000 - 0x75a8a000 	C:\Windows\system32\mswsock.dll
0x72c40000 - 0x72c4f000 	C:\Program Files\Java\jdk1.7.0_45\jre\bin\nio.dll
0x72960000 - 0x72990000 	C:\Program Files\Java\jdk1.7.0_45\jre\bin\t2k.dll
0x72b40000 - 0x72b4e000 	C:\Program Files\Java\jdk1.7.0_45\jre\bin\JdbcOdbc.dll
0x6e1c0000 - 0x6e261000 	C:\Windows\SYSTEM32\ODBC32.dll
0x75c40000 - 0x75c5f000 	C:\Windows\SYSTEM32\bcrypt.dll
0x6ef60000 - 0x6efb1000 	C:\Windows\system32\odbcjt32.dll
0x76e40000 - 0x76ec9000 	C:\Windows\system32\COMDLG32.dll
0x630c0000 - 0x63245000 	C:\Windows\system32\msjet40.dll
0x6e0b0000 - 0x6e148000 	C:\Windows\system32\mswstr10.dll
0x72b30000 - 0x72b37000 	C:\Windows\system32\odbcji32.dll
0x724b0000 - 0x724c1000 	C:\Windows\system32\msjter40.dll
0x72640000 - 0x72647000 	C:\Windows\system32\MSJINT40.DLL
0x72400000 - 0x7241e000 	C:\Windows\system32\odbccp32.dll
0x75e90000 - 0x75eb3000 	C:\Windows\SYSTEM32\SspiCli.dll
0x72ae0000 - 0x72aeb000 	C:\Windows\System32\perfos.dll
0x6d850000 - 0x6d860000 	C:\Windows\system32\napinsp.dll
0x6d860000 - 0x6d874000 	C:\Windows\system32\pnrpnsp.dll
0x73630000 - 0x73640000 	C:\Windows\system32\NLAapi.dll
0x758d0000 - 0x75945000 	C:\Windows\SYSTEM32\DNSAPI.dll
0x6d8b0000 - 0x6d8b9000 	C:\Windows\System32\winrnr.dll
0x6d8a0000 - 0x6d8a7000 	C:\Windows\System32\rasadhlp.dll
0x71540000 - 0x71562000 	C:\Windows\SYSTEM32\IPHLPAPI.DLL
0x71520000 - 0x71528000 	C:\Windows\SYSTEM32\WINNSI.DLL
0x70df0000 - 0x70e2f000 	C:\Windows\System32\fwpuclnt.dll
0x778f0000 - 0x77964000 	C:\Windows\SYSTEM32\clbcatq.dll
0x72990000 - 0x72ad6000 	C:\Windows\SYSTEM32\WindowsCodecs.dll
0x76090000 - 0x760a1000 	C:\Windows\SYSTEM32\profapi.dll
0x71f10000 - 0x71f34000 	C:\Program Files\Java\jdk1.7.0_45\jre\bin\dcpr.dll
0x6e8c0000 - 0x6e93c000 	C:\Windows\SYSTEM32\mscms.dll
0x75880000 - 0x7589b000 	C:\Windows\SYSTEM32\USERENV.dll
0x6de90000 - 0x6decb000 	C:\Windows\SYSTEM32\icm32.dll
0x75a90000 - 0x75aaa000 	C:\Windows\SYSTEM32\CRYPTSP.dll
0x757b0000 - 0x757ee000 	C:\Windows\system32\rsaenh.dll
0x0b710000 - 0x0b74d000 	C:\Users\Me\AppData\Local\Temp\jna-2488\jna5789245023552863976.dll
0x70a30000 - 0x70a40000 	C:\Windows\SYSTEM32\dhcpcsvc6.DLL
0x70ec0000 - 0x70ed2000 	C:\Windows\SYSTEM32\dhcpcsvc.DLL
0x725b0000 - 0x725b6000 	C:\Program Files\Java\jdk1.7.0_45\jre\bin\jawt.dll
0x700e0000 - 0x70105000 	C:\Program Files\Java\jdk1.7.0_45\jre\bin\jpeg.dll
0x63b40000 - 0x63b6b000 	C:\Windows\jnetpcap.dll
0x0bf70000 - 0x0bfbc000 	C:\Windows\SYSTEM32\wpcap.dll
0x0b9d0000 - 0x0b9e8000 	C:\Windows\SYSTEM32\packet.dll
0x6e060000 - 0x6e0a8000 	C:\Windows\System32\msjtes40.dll
0x0f9a0000 - 0x0f9ab000 	C:\Windows\SYSTEM32\VBAJET32.DLL
0x0f9c0000 - 0x0fa22000 	C:\Windows\SYSTEM32\expsrv.dll
0x67320000 - 0x67449000 	C:\Windows\SYSTEM32\dbghelp.dll

VM Arguments:
jvm_args: -Dfile.encoding=UTF-8 
java_command: dx.timesheet.Timesheet
Launcher Type: SUN_STANDARD

Environment Variables:
PATH=C:\Windows\system32;C:\Windows;C:\Windows\System32\Wbem;C:\Windows\System32\WindowsPowerShell\v1.0\;C:\Java\jdk1.6\bin;C:\Java\jre1.6\bin
USERNAME=Me
OS=Windows_NT
PROCESSOR_IDENTIFIER=x86 Family 16 Model 6 Stepping 2, AuthenticAMD



---------------  S Y S T E M  ---------------

OS: Windows 8 Build 9200 

CPU:total 2 (2 cores per cpu, 1 threads per core) family 16 model 6 stepping 2, cmov, cx8, fxsr, mmx, sse, sse2, sse3, popcnt, mmxext, 3dnowpref, lzcnt, sse4a, tsc, tscinvbit, tscinv

Memory: 4k page, physical 1834356k(144744k free), swap 4062580k(1578560k free)

vm_info: Java HotSpot(TM) Client VM (24.45-b08) for windows-x86 JRE (1.7.0_45-b18), built on Oct  8 2013 06:02:43 by "java_re" with unknown MS VC++:1600

time: Mon Apr 07 17:35:25 2014
elapsed time: 153 seconds

